<?xml version="1.0" encoding="UTF-8"?>
<!-- Generated by org.testng.reporters.JUnitReportReporter -->
<testsuite hostname="LAPTOP-0O1D4N8E" failures="0" tests="1" name="RunTest.RunBookFlightTest" time="51.591" errors="0" timestamp="2021-10-11T02:51:05 CDT" skipped="0">
  <testcase classname="RunTest.RunBookFlightTest" name="runScenario" time="51.591"/>
</testsuite> <!-- RunTest.RunBookFlightTest -->
