<?xml version="1.0" encoding="UTF-8"?>
<!-- Generated by org.testng.reporters.JUnitReportReporter -->
<testsuite hostname="LAPTOP-0O1D4N8E" failures="0" tests="1" name="steps.NewTest" time="0.109" errors="0" timestamp="2021-10-10T23:26:18 CDT" skipped="0">
  <testcase classname="steps.NewTest" name="f" time="0.109"/>
</testsuite> <!-- steps.NewTest -->
